#! /c/Source/iverilog-install/bin/vvp
:ivl_version "12.0 (devel)" "(s20150603-1110-g18392a46)";
:ivl_delay_selection "TYPICAL";
:vpi_time_precision - 12;
:vpi_module "C:\iverilog\lib\ivl\system.vpi";
:vpi_module "C:\iverilog\lib\ivl\vhdl_sys.vpi";
:vpi_module "C:\iverilog\lib\ivl\vhdl_textio.vpi";
:vpi_module "C:\iverilog\lib\ivl\v2005_math.vpi";
:vpi_module "C:\iverilog\lib\ivl\va_math.vpi";
S_0000028ba1b76bc0 .scope module, "breadboard" "breadboard" 2 4;
 .timescale -12 -12;
v0000028ba1b73dc0_0 .net "A", 0 0, L_0000028ba1b7f220;  1 drivers
v0000028ba1b745e0_0 .var "W", 0 0;
v0000028ba1b73e60_0 .var "X", 0 0;
v0000028ba1b73fa0_0 .var "Y", 0 0;
v0000028ba1b740e0_0 .var "Z", 0 0;
S_0000028ba1b76d50 .scope module, "eq9" "f9" 2 8, 3 1 0, S_0000028ba1b76bc0;
 .timescale -12 -12;
    .port_info 0 /INPUT 1 "w";
    .port_info 1 /INPUT 1 "x";
    .port_info 2 /INPUT 1 "y";
    .port_info 3 /INPUT 1 "z";
    .port_info 4 /OUTPUT 1 "o";
L_0000028ba1b7f7d0 .functor AND 1, v0000028ba1b73e60_0, v0000028ba1b740e0_0, C4<1>, C4<1>;
L_0000028ba1b7f5a0 .functor AND 1, v0000028ba1b745e0_0, v0000028ba1b73e60_0, L_0000028ba1b7f610, C4<1>;
L_0000028ba1b7f610 .functor NOT 1, v0000028ba1b73fa0_0, C4<0>, C4<0>, C4<0>;
L_0000028ba1b7f760 .functor AND 1, v0000028ba1b745e0_0, L_0000028ba1b7f840, v0000028ba1b740e0_0, C4<1>;
L_0000028ba1b7f840 .functor NOT 1, v0000028ba1b73fa0_0, C4<0>, C4<0>, C4<0>;
L_0000028ba1b7f300 .functor AND 1, L_0000028ba1b7f8b0, v0000028ba1b73fa0_0, L_0000028ba1b7f1b0, C4<1>;
L_0000028ba1b7f8b0 .functor NOT 1, v0000028ba1b73e60_0, C4<0>, C4<0>, C4<0>;
L_0000028ba1b7f1b0 .functor NOT 1, v0000028ba1b740e0_0, C4<0>, C4<0>, C4<0>;
L_0000028ba1b7f220 .functor OR 1, L_0000028ba1b7f7d0, L_0000028ba1b7f5a0, L_0000028ba1b7f760, L_0000028ba1b7f300;
v0000028ba1b76ee0_0 .net *"_ivl_0", 0 0, L_0000028ba1b7f610;  1 drivers
v0000028ba1b42e10_0 .net *"_ivl_2", 0 0, L_0000028ba1b7f840;  1 drivers
v0000028ba1c5af00_0 .net *"_ivl_4", 0 0, L_0000028ba1b7f8b0;  1 drivers
v0000028ba1b42b60_0 .net *"_ivl_6", 0 0, L_0000028ba1b7f1b0;  1 drivers
v0000028ba1c5bcc0_0 .net "a", 0 0, L_0000028ba1b7f7d0;  1 drivers
v0000028ba1c5bd60_0 .net "b", 0 0, L_0000028ba1b7f5a0;  1 drivers
v0000028ba1c5be00_0 .net "c", 0 0, L_0000028ba1b7f760;  1 drivers
v0000028ba1b737d0_0 .net "d", 0 0, L_0000028ba1b7f300;  1 drivers
v0000028ba1b73f00_0 .net "o", 0 0, L_0000028ba1b7f220;  alias, 1 drivers
v0000028ba1b73d20_0 .net "w", 0 0, v0000028ba1b745e0_0;  1 drivers
v0000028ba1b74400_0 .net "x", 0 0, v0000028ba1b73e60_0;  1 drivers
v0000028ba1b744a0_0 .net "y", 0 0, v0000028ba1b73fa0_0;  1 drivers
v0000028ba1b74540_0 .net "z", 0 0, v0000028ba1b740e0_0;  1 drivers
    .scope S_0000028ba1b76bc0;
T_0 ;
    %vpi_call 2 12 "$dumpfile", "p1.vcd" {0 0 0};
    %vpi_call 2 13 "$dumpvars", 32'sb00000000000000000000000000000000, S_0000028ba1b76bc0 {0 0 0};
    %pushi/vec4 0, 0, 1;
    %store/vec4 v0000028ba1b745e0_0, 0, 1;
    %pushi/vec4 0, 0, 1;
    %store/vec4 v0000028ba1b73e60_0, 0, 1;
    %pushi/vec4 0, 0, 1;
    %store/vec4 v0000028ba1b73fa0_0, 0, 1;
    %pushi/vec4 0, 0, 1;
    %store/vec4 v0000028ba1b740e0_0, 0, 1;
    %delay 10, 0;
    %pushi/vec4 0, 0, 1;
    %store/vec4 v0000028ba1b745e0_0, 0, 1;
    %pushi/vec4 0, 0, 1;
    %store/vec4 v0000028ba1b73e60_0, 0, 1;
    %pushi/vec4 0, 0, 1;
    %store/vec4 v0000028ba1b73fa0_0, 0, 1;
    %pushi/vec4 1, 0, 1;
    %store/vec4 v0000028ba1b740e0_0, 0, 1;
    %delay 10, 0;
    %pushi/vec4 0, 0, 1;
    %store/vec4 v0000028ba1b745e0_0, 0, 1;
    %pushi/vec4 0, 0, 1;
    %store/vec4 v0000028ba1b73e60_0, 0, 1;
    %pushi/vec4 1, 0, 1;
    %store/vec4 v0000028ba1b73fa0_0, 0, 1;
    %pushi/vec4 0, 0, 1;
    %store/vec4 v0000028ba1b740e0_0, 0, 1;
    %delay 10, 0;
    %pushi/vec4 0, 0, 1;
    %store/vec4 v0000028ba1b745e0_0, 0, 1;
    %pushi/vec4 0, 0, 1;
    %store/vec4 v0000028ba1b73e60_0, 0, 1;
    %pushi/vec4 1, 0, 1;
    %store/vec4 v0000028ba1b73fa0_0, 0, 1;
    %pushi/vec4 1, 0, 1;
    %store/vec4 v0000028ba1b740e0_0, 0, 1;
    %delay 10, 0;
    %pushi/vec4 0, 0, 1;
    %store/vec4 v0000028ba1b745e0_0, 0, 1;
    %pushi/vec4 1, 0, 1;
    %store/vec4 v0000028ba1b73e60_0, 0, 1;
    %pushi/vec4 0, 0, 1;
    %store/vec4 v0000028ba1b73fa0_0, 0, 1;
    %pushi/vec4 0, 0, 1;
    %store/vec4 v0000028ba1b740e0_0, 0, 1;
    %delay 10, 0;
    %pushi/vec4 0, 0, 1;
    %store/vec4 v0000028ba1b745e0_0, 0, 1;
    %pushi/vec4 1, 0, 1;
    %store/vec4 v0000028ba1b73e60_0, 0, 1;
    %pushi/vec4 0, 0, 1;
    %store/vec4 v0000028ba1b73fa0_0, 0, 1;
    %pushi/vec4 1, 0, 1;
    %store/vec4 v0000028ba1b740e0_0, 0, 1;
    %delay 10, 0;
    %pushi/vec4 0, 0, 1;
    %store/vec4 v0000028ba1b745e0_0, 0, 1;
    %pushi/vec4 1, 0, 1;
    %store/vec4 v0000028ba1b73e60_0, 0, 1;
    %pushi/vec4 1, 0, 1;
    %store/vec4 v0000028ba1b73fa0_0, 0, 1;
    %pushi/vec4 0, 0, 1;
    %store/vec4 v0000028ba1b740e0_0, 0, 1;
    %delay 10, 0;
    %pushi/vec4 0, 0, 1;
    %store/vec4 v0000028ba1b745e0_0, 0, 1;
    %pushi/vec4 1, 0, 1;
    %store/vec4 v0000028ba1b73e60_0, 0, 1;
    %pushi/vec4 1, 0, 1;
    %store/vec4 v0000028ba1b73fa0_0, 0, 1;
    %pushi/vec4 1, 0, 1;
    %store/vec4 v0000028ba1b740e0_0, 0, 1;
    %delay 10, 0;
    %pushi/vec4 1, 0, 1;
    %store/vec4 v0000028ba1b745e0_0, 0, 1;
    %pushi/vec4 0, 0, 1;
    %store/vec4 v0000028ba1b73e60_0, 0, 1;
    %pushi/vec4 0, 0, 1;
    %store/vec4 v0000028ba1b73fa0_0, 0, 1;
    %pushi/vec4 0, 0, 1;
    %store/vec4 v0000028ba1b740e0_0, 0, 1;
    %delay 10, 0;
    %pushi/vec4 1, 0, 1;
    %store/vec4 v0000028ba1b745e0_0, 0, 1;
    %pushi/vec4 0, 0, 1;
    %store/vec4 v0000028ba1b73e60_0, 0, 1;
    %pushi/vec4 0, 0, 1;
    %store/vec4 v0000028ba1b73fa0_0, 0, 1;
    %pushi/vec4 1, 0, 1;
    %store/vec4 v0000028ba1b740e0_0, 0, 1;
    %delay 10, 0;
    %pushi/vec4 1, 0, 1;
    %store/vec4 v0000028ba1b745e0_0, 0, 1;
    %pushi/vec4 0, 0, 1;
    %store/vec4 v0000028ba1b73e60_0, 0, 1;
    %pushi/vec4 1, 0, 1;
    %store/vec4 v0000028ba1b73fa0_0, 0, 1;
    %pushi/vec4 0, 0, 1;
    %store/vec4 v0000028ba1b740e0_0, 0, 1;
    %delay 10, 0;
    %pushi/vec4 1, 0, 1;
    %store/vec4 v0000028ba1b745e0_0, 0, 1;
    %pushi/vec4 0, 0, 1;
    %store/vec4 v0000028ba1b73e60_0, 0, 1;
    %pushi/vec4 1, 0, 1;
    %store/vec4 v0000028ba1b73fa0_0, 0, 1;
    %pushi/vec4 1, 0, 1;
    %store/vec4 v0000028ba1b740e0_0, 0, 1;
    %delay 10, 0;
    %pushi/vec4 1, 0, 1;
    %store/vec4 v0000028ba1b745e0_0, 0, 1;
    %pushi/vec4 1, 0, 1;
    %store/vec4 v0000028ba1b73e60_0, 0, 1;
    %pushi/vec4 0, 0, 1;
    %store/vec4 v0000028ba1b73fa0_0, 0, 1;
    %pushi/vec4 0, 0, 1;
    %store/vec4 v0000028ba1b740e0_0, 0, 1;
    %delay 10, 0;
    %pushi/vec4 1, 0, 1;
    %store/vec4 v0000028ba1b745e0_0, 0, 1;
    %pushi/vec4 1, 0, 1;
    %store/vec4 v0000028ba1b73e60_0, 0, 1;
    %pushi/vec4 0, 0, 1;
    %store/vec4 v0000028ba1b73fa0_0, 0, 1;
    %pushi/vec4 1, 0, 1;
    %store/vec4 v0000028ba1b740e0_0, 0, 1;
    %delay 10, 0;
    %pushi/vec4 1, 0, 1;
    %store/vec4 v0000028ba1b745e0_0, 0, 1;
    %pushi/vec4 1, 0, 1;
    %store/vec4 v0000028ba1b73e60_0, 0, 1;
    %pushi/vec4 1, 0, 1;
    %store/vec4 v0000028ba1b73fa0_0, 0, 1;
    %pushi/vec4 0, 0, 1;
    %store/vec4 v0000028ba1b740e0_0, 0, 1;
    %delay 10, 0;
    %pushi/vec4 1, 0, 1;
    %store/vec4 v0000028ba1b745e0_0, 0, 1;
    %pushi/vec4 1, 0, 1;
    %store/vec4 v0000028ba1b73e60_0, 0, 1;
    %pushi/vec4 1, 0, 1;
    %store/vec4 v0000028ba1b73fa0_0, 0, 1;
    %pushi/vec4 1, 0, 1;
    %store/vec4 v0000028ba1b740e0_0, 0, 1;
    %delay 10, 0;
    %vpi_call 2 35 "$finish" {0 0 0};
    %end;
    .thread T_0;
    .scope S_0000028ba1b76bc0;
T_1 ;
    %vpi_call 2 39 "$monitor", "Time = %2t, W = %d, X = %d, Y = %d, Z = %d, A = %d", $time, v0000028ba1b745e0_0, v0000028ba1b73e60_0, v0000028ba1b73fa0_0, v0000028ba1b740e0_0, v0000028ba1b73dc0_0 {0 0 0};
    %end;
    .thread T_1;
# The file index is used to find the file name in the following table.
:file_names 4;
    "N/A";
    "<interactive>";
    "p1_tb.v";
    "./p1_f9.v";
